<?xml version="1.0" encoding="UTF-8"?>
<testsuite xmlns:xsi="http://www.w3.org/2001/XMLSchema-instance" xsi:noNamespaceSchemaLocation="https://maven.apache.org/surefire/maven-surefire-plugin/xsd/surefire-test-report-3.0.xsd" version="3.0" name="com.bootcamp.demo.HamcrestTest" time="0.061" tests="4" errors="0" skipped="0" failures="0">
  <properties>
[...]
</properties>
  <testcase name="testList" classname="com.bootcamp.demo.HamcrestTest" time="0.04"/>
  <testcase name="testMath" classname="com.bootcamp.demo.HamcrestTest" time="0.01"/>
  <testcase name="testInstance" classname="com.bootcamp.demo.HamcrestTest" time="0.009"/>
  <testcase name="testString" classname="com.bootcamp.demo.HamcrestTest" time="0.0"/>
</testsuite>